<?xml version="1.0" encoding="UTF-8" ?>
<testsuite tests="6" failures="6" name="com.capgemini.lpu.inventorytests.AddOrderTest" time="0.129" errors="0" skipped="0">
  <properties>
    <property name="java.runtime.name" value="Java(TM) SE Runtime Environment"/>
    <property name="sun.boot.library.path" value="C:\Program Files\Java\jdk1.8.0_241\jre\bin"/>
    <property name="java.vm.version" value="25.241-b07"/>
    <property name="java.vm.vendor" value="Oracle Corporation"/>
    <property name="maven.multiModuleProjectDirectory" value="C:\Users\user\git\Inventory-Management-System\Inventory_Management_System"/>
    <property name="java.vendor.url" value="http://java.oracle.com/"/>
    <property name="path.separator" value=";"/>
    <property name="guice.disable.misplaced.annotation.check" value="true"/>
    <property name="java.vm.name" value="Java HotSpot(TM) 64-Bit Server VM"/>
    <property name="file.encoding.pkg" value="sun.io"/>
    <property name="user.script" value=""/>
    <property name="user.country" value="IN"/>
    <property name="sun.java.launcher" value="SUN_STANDARD"/>
    <property name="sun.os.patch.level" value=""/>
    <property name="java.vm.specification.name" value="Java Virtual Machine Specification"/>
    <property name="user.dir" value="C:\Users\user\git\Inventory-Management-System\Inventory_Management_System"/>
    <property name="java.runtime.version" value="1.8.0_241-b07"/>
    <property name="java.awt.graphicsenv" value="sun.awt.Win32GraphicsEnvironment"/>
    <property name="java.endorsed.dirs" value="C:\Program Files\Java\jdk1.8.0_241\jre\lib\endorsed"/>
    <property name="os.arch" value="amd64"/>
    <property name="java.io.tmpdir" value="C:\Users\user\AppData\Local\Temp\"/>
    <property name="line.separator" value="
"/>
    <property name="java.vm.specification.vendor" value="Oracle Corporation"/>
    <property name="user.variant" value=""/>
    <property name="os.name" value="Windows 8.1"/>
    <property name="classworlds.conf" value="C:\Users\user\Eclipse_workspace1\.metadata\.plugins\org.eclipse.m2e.launching\launches\m2conf8650077707588051770.tmp"/>
    <property name="jansi.force" value="true"/>
    <property name="sun.jnu.encoding" value="Cp1252"/>
    <property name="java.library.path" value="C:\Program Files\Java\jdk1.8.0_241\bin;C:\Windows\Sun\Java\bin;C:\Windows\system32;C:\Windows;C:/Program Files/Java/jdk1.8.0_241/bin/../jre/bin/server;C:/Program Files/Java/jdk1.8.0_241/bin/../jre/bin;C:/Program Files/Java/jdk1.8.0_241/bin/../jre/lib/amd64;C:\Program Files\Java\jdk1.8.0_241\bin;C:\questasim64_10.4e\win64;C:\Users\user\AppData\Local\Programs\Microsoft VS Code\bin;C:\Users\user\Desktop\Desktop\Capgemini\Module_1\sts-4.5.1.RELEASE;;."/>
    <property name="jansi.passthrough" value="true"/>
    <property name="java.specification.name" value="Java Platform API Specification"/>
    <property name="java.class.version" value="52.0"/>
    <property name="sun.management.compiler" value="HotSpot 64-Bit Tiered Compilers"/>
    <property name="os.version" value="6.3"/>
    <property name="user.home" value="C:\Users\user"/>
    <property name="user.timezone" value="Asia/Calcutta"/>
    <property name="java.awt.printerjob" value="sun.awt.windows.WPrinterJob"/>
    <property name="java.specification.version" value="1.8"/>
    <property name="file.encoding" value="Cp1252"/>
    <property name="user.name" value="user"/>
    <property name="java.class.path" value="C:\Users\user\Desktop\Desktop\Capgemini\Module_1\sts-4.5.1.RELEASE\plugins\org.eclipse.m2e.maven.runtime_1.15.0.20200120-1352\jars\plexus-classworlds-2.6.0.jar"/>
    <property name="java.vm.specification.version" value="1.8"/>
    <property name="sun.arch.data.model" value="64"/>
    <property name="java.home" value="C:\Program Files\Java\jdk1.8.0_241\jre"/>
    <property name="sun.java.command" value="org.codehaus.plexus.classworlds.launcher.Launcher -Pjunit-jupiter-api -B test -Dstyle.color=always"/>
    <property name="java.specification.vendor" value="Oracle Corporation"/>
    <property name="user.language" value="en"/>
    <property name="awt.toolkit" value="sun.awt.windows.WToolkit"/>
    <property name="java.vm.info" value="mixed mode"/>
    <property name="java.version" value="1.8.0_241"/>
    <property name="java.ext.dirs" value="C:\Program Files\Java\jdk1.8.0_241\jre\lib\ext;C:\Windows\Sun\Java\lib\ext"/>
    <property name="sun.boot.class.path" value="C:\Program Files\Java\jdk1.8.0_241\jre\lib\resources.jar;C:\Program Files\Java\jdk1.8.0_241\jre\lib\rt.jar;C:\Program Files\Java\jdk1.8.0_241\jre\lib\sunrsasign.jar;C:\Program Files\Java\jdk1.8.0_241\jre\lib\jsse.jar;C:\Program Files\Java\jdk1.8.0_241\jre\lib\jce.jar;C:\Program Files\Java\jdk1.8.0_241\jre\lib\charsets.jar;C:\Program Files\Java\jdk1.8.0_241\jre\lib\jfr.jar;C:\Program Files\Java\jdk1.8.0_241\jre\classes"/>
    <property name="java.vendor" value="Oracle Corporation"/>
    <property name="maven.home" value="C:\Users\user\git\Inventory-Management-System\Inventory_Management_System\EMBEDDED"/>
    <property name="style.color" value="always"/>
    <property name="file.separator" value="\"/>
    <property name="java.vendor.url.bug" value="http://bugreport.sun.com/bugreport/"/>
    <property name="sun.cpu.endian" value="little"/>
    <property name="sun.io.unicode.encoding" value="UnicodeLittle"/>
    <property name="sun.desktop" value="windows"/>
    <property name="sun.cpu.isalist" value="amd64"/>
  </properties>
  <testcase classname="com.capgemini.lpu.inventorytests.AddOrderTest" name="com.capgemini.lpu.inventorytests.AddOrderTest.testAddOrder2" time="0.125">
    <failure message="Unexpected exception type thrown ==&gt; expected: &lt;com.capgemini.lpu.exceptions.InvalidVendorIDException&gt; but was: &lt;java.lang.NullPointerException&gt;" type="org.opentest4j.AssertionFailedError">org.opentest4j.AssertionFailedError: Unexpected exception type thrown ==&gt; expected: &lt;com.capgemini.lpu.exceptions.InvalidVendorIDException&gt; but was: &lt;java.lang.NullPointerException&gt;
	at org.junit.jupiter.api.AssertThrows.assertThrows(AssertThrows.java:65)
	at org.junit.jupiter.api.AssertThrows.assertThrows(AssertThrows.java:37)
	at org.junit.jupiter.api.Assertions.assertThrows(Assertions.java:2952)
	at com.capgemini.lpu.inventorytests.AddOrderTest.testAddOrder2(AddOrderTest.java:38)
Caused by: java.lang.NullPointerException
	at com.capgemini.lpu.inventorytests.AddOrderTest.lambda$1(AddOrderTest.java:38)
	at org.junit.jupiter.api.AssertThrows.assertThrows(AssertThrows.java:55)
	... 21 more
</failure>
  </testcase>
  <testcase classname="com.capgemini.lpu.inventorytests.AddOrderTest" name="com.capgemini.lpu.inventorytests.AddOrderTest.testAddOrder1" time="0">
    <failure message="Unexpected exception type thrown ==&gt; expected: &lt;com.capgemini.lpu.exceptions.InvalidVendorIDException&gt; but was: &lt;java.lang.NullPointerException&gt;" type="org.opentest4j.AssertionFailedError">org.opentest4j.AssertionFailedError: Unexpected exception type thrown ==&gt; expected: &lt;com.capgemini.lpu.exceptions.InvalidVendorIDException&gt; but was: &lt;java.lang.NullPointerException&gt;
	at org.junit.jupiter.api.AssertThrows.assertThrows(AssertThrows.java:65)
	at org.junit.jupiter.api.AssertThrows.assertThrows(AssertThrows.java:37)
	at org.junit.jupiter.api.Assertions.assertThrows(Assertions.java:2952)
	at com.capgemini.lpu.inventorytests.AddOrderTest.testAddOrder1(AddOrderTest.java:32)
Caused by: java.lang.NullPointerException
	at com.capgemini.lpu.inventorytests.AddOrderTest.lambda$0(AddOrderTest.java:32)
	at org.junit.jupiter.api.AssertThrows.assertThrows(AssertThrows.java:55)
	... 21 more
</failure>
  </testcase>
  <testcase classname="com.capgemini.lpu.inventorytests.AddOrderTest" name="com.capgemini.lpu.inventorytests.AddOrderTest.testAddOrder3" time="0.001">
    <failure message="Unexpected exception type thrown ==&gt; expected: &lt;com.capgemini.lpu.exceptions.InvalidProductIdException&gt; but was: &lt;java.lang.NullPointerException&gt;" type="org.opentest4j.AssertionFailedError">org.opentest4j.AssertionFailedError: Unexpected exception type thrown ==&gt; expected: &lt;com.capgemini.lpu.exceptions.InvalidProductIdException&gt; but was: &lt;java.lang.NullPointerException&gt;
	at org.junit.jupiter.api.AssertThrows.assertThrows(AssertThrows.java:65)
	at org.junit.jupiter.api.AssertThrows.assertThrows(AssertThrows.java:37)
	at org.junit.jupiter.api.Assertions.assertThrows(Assertions.java:2952)
	at com.capgemini.lpu.inventorytests.AddOrderTest.testAddOrder3(AddOrderTest.java:44)
Caused by: java.lang.NullPointerException
	at com.capgemini.lpu.inventorytests.AddOrderTest.lambda$2(AddOrderTest.java:44)
	at org.junit.jupiter.api.AssertThrows.assertThrows(AssertThrows.java:55)
	... 21 more
</failure>
  </testcase>
  <testcase classname="com.capgemini.lpu.inventorytests.AddOrderTest" name="com.capgemini.lpu.inventorytests.AddOrderTest.testAddOrder5" time="0">
    <failure message="Unexpected exception type thrown ==&gt; expected: &lt;com.capgemini.lpu.exceptions.OutofStockException&gt; but was: &lt;java.lang.NullPointerException&gt;" type="org.opentest4j.AssertionFailedError">org.opentest4j.AssertionFailedError: Unexpected exception type thrown ==&gt; expected: &lt;com.capgemini.lpu.exceptions.OutofStockException&gt; but was: &lt;java.lang.NullPointerException&gt;
	at org.junit.jupiter.api.AssertThrows.assertThrows(AssertThrows.java:65)
	at org.junit.jupiter.api.AssertThrows.assertThrows(AssertThrows.java:37)
	at org.junit.jupiter.api.Assertions.assertThrows(Assertions.java:2952)
	at com.capgemini.lpu.inventorytests.AddOrderTest.testAddOrder5(AddOrderTest.java:56)
Caused by: java.lang.NullPointerException
	at com.capgemini.lpu.inventorytests.AddOrderTest.lambda$4(AddOrderTest.java:56)
	at org.junit.jupiter.api.AssertThrows.assertThrows(AssertThrows.java:55)
	... 21 more
</failure>
  </testcase>
  <testcase classname="com.capgemini.lpu.inventorytests.AddOrderTest" name="com.capgemini.lpu.inventorytests.AddOrderTest.testAddOrder6" time="0.001">
    <failure type="java.lang.NullPointerException">java.lang.NullPointerException
	at com.capgemini.lpu.inventorytests.AddOrderTest.testAddOrder6(AddOrderTest.java:62)
</failure>
  </testcase>
  <testcase classname="com.capgemini.lpu.inventorytests.AddOrderTest" name="com.capgemini.lpu.inventorytests.AddOrderTest.testAddOrder4" time="0.002">
    <failure message="Unexpected exception type thrown ==&gt; expected: &lt;com.capgemini.lpu.exceptions.InvalidProductIdException&gt; but was: &lt;java.lang.NullPointerException&gt;" type="org.opentest4j.AssertionFailedError">org.opentest4j.AssertionFailedError: Unexpected exception type thrown ==&gt; expected: &lt;com.capgemini.lpu.exceptions.InvalidProductIdException&gt; but was: &lt;java.lang.NullPointerException&gt;
	at org.junit.jupiter.api.AssertThrows.assertThrows(AssertThrows.java:65)
	at org.junit.jupiter.api.AssertThrows.assertThrows(AssertThrows.java:37)
	at org.junit.jupiter.api.Assertions.assertThrows(Assertions.java:2952)
	at com.capgemini.lpu.inventorytests.AddOrderTest.testAddOrder4(AddOrderTest.java:50)
Caused by: java.lang.NullPointerException
	at com.capgemini.lpu.inventorytests.AddOrderTest.lambda$3(AddOrderTest.java:50)
	at org.junit.jupiter.api.AssertThrows.assertThrows(AssertThrows.java:55)
	... 21 more
</failure>
  </testcase>
</testsuite>